  MyForm.cpp
c:\users\diego alonso\desktop\visual studio\ciclo 3\tp_algoritmos\tp_algoritmos\inventarycontroller.h(31): warning C4244: 'argumento': conversión de 'float' a 'int'; posible pérdida de datos
c:\users\diego alonso\desktop\visual studio\ciclo 3\tp_algoritmos\tp_algoritmos\inventarycontroller.h(35): warning C4244: 'argumento': conversión de 'float' a 'int'; posible pérdida de datos
c:\users\diego alonso\desktop\visual studio\ciclo 3\tp_algoritmos\tp_algoritmos\dialogo.h(19): warning C4244: '=': conversión de 'int' a 'float'; posible pérdida de datos
c:\users\diego alonso\desktop\visual studio\ciclo 3\tp_algoritmos\tp_algoritmos\dialogo.h(35): warning C4244: '=': conversión de 'double' a 'float'; posible pérdida de datos
c:\users\diego alonso\desktop\visual studio\ciclo 3\tp_algoritmos\tp_algoritmos\dialogo.h(36): warning C4244: '=': conversión de 'double' a 'float'; posible pérdida de datos
c:\users\diego alonso\desktop\visual studio\ciclo 3\tp_algoritmos\tp_algoritmos\dialogo.h(41): warning C4244: 'argumento': conversión de 'float' a 'int'; posible pérdida de datos
c:\users\diego alonso\desktop\visual studio\ciclo 3\tp_algoritmos\tp_algoritmos\dialogo.h(43): warning C4244: 'argumento': conversión de 'float' a 'int'; posible pérdida de datos
c:\users\diego alonso\desktop\visual studio\ciclo 3\tp_algoritmos\tp_algoritmos\personaje.h(19): warning C4244: '=': conversión de 'int' a 'T'; posible pérdida de datos
          with
          [
              T=float
          ]
c:\users\diego alonso\desktop\visual studio\ciclo 3\tp_algoritmos\tp_algoritmos\personaje.h(21): warning C4244: '=': conversión de 'int' a 'T'; posible pérdida de datos
          with
          [
              T=float
          ]
c:\users\diego alonso\desktop\visual studio\ciclo 3\tp_algoritmos\tp_algoritmos\personaje.h(22): warning C4244: '=': conversión de 'int' a 'T'; posible pérdida de datos
          with
          [
              T=float
          ]
c:\users\diego alonso\desktop\visual studio\ciclo 3\tp_algoritmos\tp_algoritmos\personaje.h(82): warning C4244: 'argumento': conversión de 'T' a 'int'; posible pérdida de datos
          with
          [
              T=float
          ]
c:\users\diego alonso\desktop\visual studio\ciclo 3\tp_algoritmos\tp_algoritmos\personaje.h(82): warning C4244: 'argumento': conversión de 'float' a 'int'; posible pérdida de datos
c:\users\diego alonso\desktop\visual studio\ciclo 3\tp_algoritmos\tp_algoritmos\personaje.h(83): warning C4244: 'argumento': conversión de 'T' a 'int'; posible pérdida de datos
          with
          [
              T=float
          ]
c:\users\diego alonso\desktop\visual studio\ciclo 3\tp_algoritmos\tp_algoritmos\personaje.h(88): warning C4244: 'argumento': conversión de 'T' a 'int'; posible pérdida de datos
          with
          [
              T=float
          ]
c:\users\diego alonso\desktop\visual studio\ciclo 3\tp_algoritmos\tp_algoritmos\personaje.h(88): warning C4244: 'argumento': conversión de 'float' a 'int'; posible pérdida de datos
c:\users\diego alonso\desktop\visual studio\ciclo 3\tp_algoritmos\tp_algoritmos\item.h(20): warning C4244: '=': conversión de 'int' a 'T'; posible pérdida de datos
          with
          [
              T=float
          ]
c:\users\diego alonso\desktop\visual studio\ciclo 3\tp_algoritmos\tp_algoritmos\item.h(21): warning C4244: '=': conversión de 'int' a 'T'; posible pérdida de datos
          with
          [
              T=float
          ]
c:\users\diego alonso\desktop\visual studio\ciclo 3\tp_algoritmos\tp_algoritmos\item.h(24): warning C4244: '=': conversión de 'int' a 'T'; posible pérdida de datos
          with
          [
              T=float
          ]
c:\users\diego alonso\desktop\visual studio\ciclo 3\tp_algoritmos\tp_algoritmos\item.h(25): warning C4244: '=': conversión de 'int' a 'T'; posible pérdida de datos
          with
          [
              T=float
          ]
c:\users\diego alonso\desktop\visual studio\ciclo 3\tp_algoritmos\tp_algoritmos\item.h(27): warning C4244: '=': conversión de 'double' a 'T'; posible pérdida de datos
          with
          [
              T=float
          ]
c:\users\diego alonso\desktop\visual studio\ciclo 3\tp_algoritmos\tp_algoritmos\item.h(28): warning C4244: '=': conversión de 'double' a 'T'; posible pérdida de datos
          with
          [
              T=float
          ]
c:\users\diego alonso\desktop\visual studio\ciclo 3\tp_algoritmos\tp_algoritmos\item.h(83): warning C4244: 'argumento': conversión de 'T' a 'int'; posible pérdida de datos
          with
          [
              T=float
          ]
c:\users\diego alonso\desktop\visual studio\ciclo 3\tp_algoritmos\tp_algoritmos\item.h(84): warning C4244: 'argumento': conversión de 'T' a 'int'; posible pérdida de datos
          with
          [
              T=float
          ]
c:\users\diego alonso\desktop\visual studio\ciclo 3\tp_algoritmos\tp_algoritmos\item.h(98): warning C4244: 'argumento': conversión de 'T' a 'int'; posible pérdida de datos
          with
          [
              T=float
          ]
c:\users\diego alonso\desktop\visual studio\ciclo 3\tp_algoritmos\tp_algoritmos\item.h(109): warning C4244: 'argumento': conversión de 'float' a 'int'; posible pérdida de datos
c:\users\diego alonso\desktop\visual studio\ciclo 3\tp_algoritmos\tp_algoritmos\escena.h(16): warning C4244: '=': conversión de 'int' a 'T'; posible pérdida de datos
          with
          [
              T=float
          ]
c:\users\diego alonso\desktop\visual studio\ciclo 3\tp_algoritmos\tp_algoritmos\escena.h(17): warning C4244: 'argumento': conversión de 'float' a 'int'; posible pérdida de datos
c:\users\diego alonso\desktop\visual studio\ciclo 3\tp_algoritmos\tp_algoritmos\escena.h(24): warning C4244: 'argumento': conversión de 'T' a 'int'; posible pérdida de datos
          with
          [
              T=float
          ]
c:\users\diego alonso\desktop\visual studio\ciclo 3\tp_algoritmos\tp_algoritmos\vehiculo.h(11): warning C4244: '=': conversión de 'int' a 'T'; posible pérdida de datos
          with
          [
              T=float
          ]
c:\users\diego alonso\desktop\visual studio\ciclo 3\tp_algoritmos\tp_algoritmos\vehiculo.h(12): warning C4244: '=': conversión de 'int' a 'T'; posible pérdida de datos
          with
          [
              T=float
          ]
c:\users\diego alonso\desktop\visual studio\ciclo 3\tp_algoritmos\tp_algoritmos\vehiculo.h(13): warning C4244: '=': conversión de 'int' a 'T'; posible pérdida de datos
          with
          [
              T=float
          ]
c:\users\diego alonso\desktop\visual studio\ciclo 3\tp_algoritmos\tp_algoritmos\vehiculo.h(75): warning C4244: 'argumento': conversión de 'T' a 'int'; posible pérdida de datos
          with
          [
              T=float
          ]
c:\users\diego alonso\desktop\visual studio\ciclo 3\tp_algoritmos\tp_algoritmos\vehiculo.h(88): warning C4244: 'argumento': conversión de 'float' a 'int'; posible pérdida de datos
c:\users\diego alonso\desktop\visual studio\ciclo 3\tp_algoritmos\tp_algoritmos\vehiculo.h(101): warning C4244: 'argumento': conversión de 'T' a 'int'; posible pérdida de datos
          with
          [
              T=float
          ]
c:\users\diego alonso\desktop\visual studio\ciclo 3\tp_algoritmos\tp_algoritmos\vehiculo.h(102): warning C4244: 'argumento': conversión de 'T' a 'int'; posible pérdida de datos
          with
          [
              T=float
          ]
c:\users\diego alonso\desktop\visual studio\ciclo 3\tp_algoritmos\tp_algoritmos\doctor.h(11): warning C4244: '=': conversión de 'int' a 'T'; posible pérdida de datos
          with
          [
              T=float
          ]
c:\users\diego alonso\desktop\visual studio\ciclo 3\tp_algoritmos\tp_algoritmos\doctor.h(12): warning C4244: '=': conversión de 'int' a 'T'; posible pérdida de datos
          with
          [
              T=float
          ]
c:\users\diego alonso\desktop\visual studio\ciclo 3\tp_algoritmos\tp_algoritmos\doctor.h(13): warning C4244: '=': conversión de 'int' a 'T'; posible pérdida de datos
          with
          [
              T=float
          ]
c:\users\diego alonso\desktop\visual studio\ciclo 3\tp_algoritmos\tp_algoritmos\doctor.h(24): warning C4244: 'argumento': conversión de 'T' a 'int'; posible pérdida de datos
          with
          [
              T=float
          ]
c:\users\diego alonso\desktop\visual studio\ciclo 3\tp_algoritmos\tp_algoritmos\doctor.h(25): warning C4244: 'argumento': conversión de 'T' a 'int'; posible pérdida de datos
          with
          [
              T=float
          ]
c:\users\diego alonso\desktop\visual studio\ciclo 3\tp_algoritmos\tp_algoritmos\juego.h(67): warning C4244: 'argumento': conversión de 'float' a 'int'; posible pérdida de datos
c:\users\diego alonso\desktop\visual studio\ciclo 3\tp_algoritmos\tp_algoritmos\juego.h(123): warning C4244: 'argumento': conversión de 'float' a 'int'; posible pérdida de datos
c:\users\diego alonso\desktop\visual studio\ciclo 3\tp_algoritmos\tp_algoritmos\myform.h(297): warning C4244: 'argumento': conversión de 'float' a 'int'; posible pérdida de datos
c:\users\diego alonso\desktop\visual studio\ciclo 3\tp_algoritmos\tp_algoritmos\myform.h(300): warning C4244: 'argumento': conversión de 'float' a 'int'; posible pérdida de datos
c:\users\diego alonso\desktop\visual studio\ciclo 3\tp_algoritmos\tp_algoritmos\base.h(46): warning C4244: '=': conversión de 'double' a 'T'; posible pérdida de datos
          with
          [
              T=float
          ]
  c:\users\diego alonso\desktop\visual studio\ciclo 3\tp_algoritmos\tp_algoritmos\base.h(43): note: durante la compilación de la función miembro de plantilla clase de 'void Base<float,int>::CoordenadasEnElForm(System::Drawing::Graphics ^,Base<float,int> *)'
  c:\users\diego alonso\desktop\visual studio\ciclo 3\tp_algoritmos\tp_algoritmos\colisiones.h(18): note: vea la referencia a la creación de instancias de plantilla de función 'void Base<float,int>::CoordenadasEnElForm(System::Drawing::Graphics ^,Base<float,int> *)' que se está compilando
  c:\users\diego alonso\desktop\visual studio\ciclo 3\tp_algoritmos\tp_algoritmos\dialogo.h(35): note: vea la referencia a la creación de instancias de plantilla clase de 'Base<float,int>' que se está compilando
c:\users\diego alonso\desktop\visual studio\ciclo 3\tp_algoritmos\tp_algoritmos\base.h(47): warning C4244: '=': conversión de 'double' a 'T'; posible pérdida de datos
          with
          [
              T=float
          ]
c:\users\diego alonso\desktop\visual studio\ciclo 3\tp_algoritmos\tp_algoritmos\base.h(39): warning C4244: 'argumento': conversión de 'T' a 'int'; posible pérdida de datos
          with
          [
              T=float
          ]
  c:\users\diego alonso\desktop\visual studio\ciclo 3\tp_algoritmos\tp_algoritmos\base.h(39): note: durante la compilación de la función miembro de plantilla clase de 'System::Drawing::Rectangle Base<float,int>::rect(void)'
  c:\users\diego alonso\desktop\visual studio\ciclo 3\tp_algoritmos\tp_algoritmos\colisiones.h(21): note: vea la referencia a la creación de instancias de plantilla de función 'System::Drawing::Rectangle Base<float,int>::rect(void)' que se está compilando
c:\users\diego alonso\desktop\visual studio\ciclo 3\tp_algoritmos\tp_algoritmos\base.h(26): warning C4244: 'inicializando': conversión de 'int' a 'T'; posible pérdida de datos
          with
          [
              T=float
          ]
  c:\users\diego alonso\desktop\visual studio\ciclo 3\tp_algoritmos\tp_algoritmos\base.h(25): note: durante la compilación de la función miembro de plantilla clase de 'Base<float,int>::Base(int,int,int,int,int,int)'
  c:\users\diego alonso\desktop\visual studio\ciclo 3\tp_algoritmos\tp_algoritmos\colisiones.h(10): note: vea la referencia a la creación de instancias de plantilla de función 'Base<float,int>::Base(int,int,int,int,int,int)' que se está compilando
c:\users\diego alonso\desktop\visual studio\ciclo 3\tp_algoritmos\tp_algoritmos\base.h(26): warning C4244: 'inicializando': conversión de 'int' a 'T'; posible pérdida de datos
          with
          [
              T=float
          ]
c:\users\diego alonso\desktop\visual studio\ciclo 3\tp_algoritmos\tp_algoritmos\base.h(26): warning C4244: 'inicializando': conversión de 'int' a 'T'; posible pérdida de datos
          with
          [
              T=float
          ]
c:\users\diego alonso\desktop\visual studio\ciclo 3\tp_algoritmos\tp_algoritmos\base.h(26): warning C4244: 'inicializando': conversión de 'int' a 'T'; posible pérdida de datos
          with
          [
              T=float
          ]
c:\users\diego alonso\desktop\visual studio\ciclo 3\tp_algoritmos\tp_algoritmos\base.h(26): warning C4244: 'inicializando': conversión de 'int' a 'T'; posible pérdida de datos
          with
          [
              T=float
          ]
c:\users\diego alonso\desktop\visual studio\ciclo 3\tp_algoritmos\tp_algoritmos\base.h(26): warning C4244: 'inicializando': conversión de 'int' a 'T'; posible pérdida de datos
          with
          [
              T=float
          ]
c:\users\diego alonso\desktop\visual studio\ciclo 3\tp_algoritmos\tp_algoritmos\item.h(156): warning C4715: 'Item::PuedeTirar': no todas las rutas de acceso de control devuelven un valor
  MyForm.obj : se encontró un módulo MSIL; vinculación incremental deshabilitada para MSIL; ejecutando vínculo completo
  TP_Algoritmos.vcxproj -> C:\Users\Diego Alonso\Desktop\VISUAL STUDIO\CICLO 3\TP_Algoritmos\Debug\TP_Algoritmos.exe
